-------------------------------------------------------------------------------
Test set: com.jacup101.demo.DemoApplicationTests
-------------------------------------------------------------------------------
Tests run: 1, Failures: 0, Errors: 1, Skipped: 0, Time elapsed: 0.114 s <<< FAILURE! - in com.jacup101.demo.DemoApplicationTests
com.jacup101.demo.DemoApplicationTests  Time elapsed: 0.113 s  <<< ERROR!
java.lang.IllegalStateException: Unable to find a @SpringBootConfiguration, you need to use @ContextConfiguration or @SpringBootTest(classes=...) with your test

